# JRE version: OpenJDK Runtime Environment (17.0.9) (build 17.0.9+0--11185874)
# Java VM: OpenJDK 64-Bit Server VM (17.0.9+0--11185874, mixed mode, tiered, compressed oops, compressed class ptrs, g1 gc, windows-amd64)
GC Precious Log:
 CPUs: 8 total, 8 available
 Memory: 16178M
 Large Page Support: Disabled
 NUMA Support: Disabled
 Compressed Oops: Enabled (32-bit)
 Heap Region Size: 1M
 Heap Min Capacity: 8M
 Heap Initial Capacity: 254M
 Heap Max Capacity: 2G
 Pre-touch: Disabled
 Parallel Workers: 8
 Concurrent Workers: 2
 Concurrent Refinement Workers: 8
 Periodic GC: Disabled
Heap:
 garbage-first heap   total 240640K, used 159196K [0x0000000080000000, 0x0000000100000000)
  region size 1024K, 35 young (35840K), 1 survivors (1024K)
 Metaspace       used 138449K, committed 139456K, reserved 1179648K
  class space    used 19141K, committed 19648K, reserved 1048576K
GC Heap History (20 events):
Event: 46.181 GC heap before
{Heap before GC invocations=70 (full 0):
 garbage-first heap   total 168960K, used 143962K [0x0000000080000000, 0x0000000100000000)
  region size 1024K, 28 young (28672K), 3 survivors (3072K)
 Metaspace       used 116672K, committed 117504K, reserved 1179648K
  class space    used 15972K, committed 16384K, reserved 1048576K
}
Event: 46.187 GC heap after
{Heap after GC invocations=71 (full 0):
 garbage-first heap   total 168960K, used 120796K [0x0000000080000000, 0x0000000100000000)
  region size 1024K, 3 young (3072K), 3 survivors (3072K)
 Metaspace       used 116672K, committed 117504K, reserved 1179648K
  class space    used 15972K, committed 16384K, reserved 1048576K
}
Event: 46.623 GC heap before
{Heap before GC invocations=71 (full 0):
 garbage-first heap   total 168960K, used 144348K [0x0000000080000000, 0x0000000100000000)
  region size 1024K, 27 young (27648K), 3 survivors (3072K)
 Metaspace       used 119445K, committed 120320K, reserved 1179648K
  class space    used 16356K, committed 16768K, reserved 1048576K
}
Event: 46.626 GC heap after
{Heap after GC invocations=72 (full 0):
 garbage-first heap   total 168960K, used 121849K [0x0000000080000000, 0x0000000100000000)
  region size 1024K, 3 young (3072K), 3 survivors (3072K)
 Metaspace       used 119445K, committed 120320K, reserved 1179648K
  class space    used 16356K, committed 16768K, reserved 1048576K
}
Event: 46.996 GC heap before
{Heap before GC invocations=72 (full 0):
 garbage-first heap   total 168960K, used 144377K [0x0000000080000000, 0x0000000100000000)
  region size 1024K, 26 young (26624K), 3 survivors (3072K)
 Metaspace       used 122435K, committed 123328K, reserved 1179648K
  class space    used 16791K, committed 17216K, reserved 1048576K
}
Event: 47.000 GC heap after
{Heap after GC invocations=73 (full 0):
 garbage-first heap   total 168960K, used 122195K [0x0000000080000000, 0x0000000100000000)
  region size 1024K, 2 young (2048K), 2 survivors (2048K)
 Metaspace       used 122435K, committed 123328K, reserved 1179648K
  class space    used 16791K, committed 17216K, reserved 1048576K
}
Event: 47.389 GC heap before
{Heap before GC invocations=73 (full 0):
 garbage-first heap   total 168960K, used 145747K [0x0000000080000000, 0x0000000100000000)
  region size 1024K, 26 young (26624K), 2 survivors (2048K)
 Metaspace       used 125719K, committed 126656K, reserved 1179648K
  class space    used 17271K, committed 17728K, reserved 1048576K
}
Event: 47.393 GC heap after
{Heap after GC invocations=74 (full 0):
 garbage-first heap   total 168960K, used 122531K [0x0000000080000000, 0x0000000100000000)
  region size 1024K, 2 young (2048K), 2 survivors (2048K)
 Metaspace       used 125719K, committed 126656K, reserved 1179648K
  class space    used 17271K, committed 17728K, reserved 1048576K
}
Event: 47.839 GC heap before
{Heap before GC invocations=74 (full 0):
 garbage-first heap   total 168960K, used 146083K [0x0000000080000000, 0x0000000100000000)
  region size 1024K, 26 young (26624K), 2 survivors (2048K)
 Metaspace       used 129090K, committed 130112K, reserved 1179648K
  class space    used 17857K, committed 18368K, reserved 1048576K
}
Event: 47.842 GC heap after
{Heap after GC invocations=75 (full 0):
 garbage-first heap   total 168960K, used 123113K [0x0000000080000000, 0x0000000100000000)
  region size 1024K, 3 young (3072K), 3 survivors (3072K)
 Metaspace       used 129090K, committed 130112K, reserved 1179648K
  class space    used 17857K, committed 18368K, reserved 1048576K
}
Event: 48.405 GC heap before
{Heap before GC invocations=75 (full 0):
 garbage-first heap   total 168960K, used 146665K [0x0000000080000000, 0x0000000100000000)
  region size 1024K, 27 young (27648K), 3 survivors (3072K)
 Metaspace       used 131689K, committed 132672K, reserved 1179648K
  class space    used 18375K, committed 18880K, reserved 1048576K
}
Event: 48.411 GC heap after
{Heap after GC invocations=76 (full 0):
 garbage-first heap   total 168960K, used 123640K [0x0000000080000000, 0x0000000100000000)
  region size 1024K, 3 young (3072K), 3 survivors (3072K)
 Metaspace       used 131689K, committed 132672K, reserved 1179648K
  class space    used 18375K, committed 18880K, reserved 1048576K
}
Event: 48.964 GC heap before
{Heap before GC invocations=76 (full 0):
 garbage-first heap   total 168960K, used 146168K [0x0000000080000000, 0x0000000100000000)
  region size 1024K, 26 young (26624K), 3 survivors (3072K)
 Metaspace       used 133105K, committed 134016K, reserved 1179648K
  class space    used 18577K, committed 19008K, reserved 1048576K
}
Event: 48.970 GC heap after
{Heap after GC invocations=77 (full 0):
 garbage-first heap   total 168960K, used 126244K [0x0000000080000000, 0x0000000100000000)
  region size 1024K, 4 young (4096K), 4 survivors (4096K)
 Metaspace       used 133105K, committed 134016K, reserved 1179648K
  class space    used 18577K, committed 19008K, reserved 1048576K
}
Event: 49.013 GC heap before
{Heap before GC invocations=77 (full 0):
 garbage-first heap   total 168960K, used 130340K [0x0000000080000000, 0x0000000100000000)
  region size 1024K, 6 young (6144K), 4 survivors (4096K)
 Metaspace       used 133253K, committed 134208K, reserved 1179648K
  class space    used 18599K, committed 19072K, reserved 1048576K
}
Event: 49.019 GC heap after
{Heap after GC invocations=78 (full 0):
 garbage-first heap   total 168960K, used 130990K [0x0000000080000000, 0x0000000100000000)
  region size 1024K, 1 young (1024K), 1 survivors (1024K)
 Metaspace       used 133253K, committed 134208K, reserved 1179648K
  class space    used 18599K, committed 19072K, reserved 1048576K
}
Event: 49.392 GC heap before
{Heap before GC invocations=79 (full 0):
 garbage-first heap   total 240640K, used 148398K [0x0000000080000000, 0x0000000100000000)
  region size 1024K, 11 young (11264K), 1 survivors (1024K)
 Metaspace       used 134020K, committed 134976K, reserved 1179648K
  class space    used 18725K, committed 19200K, reserved 1048576K
}
Event: 49.395 GC heap after
{Heap after GC invocations=80 (full 0):
 garbage-first heap   total 240640K, used 126664K [0x0000000080000000, 0x0000000100000000)
  region size 1024K, 1 young (1024K), 1 survivors (1024K)
 Metaspace       used 134020K, committed 134976K, reserved 1179648K
  class space    used 18725K, committed 19200K, reserved 1048576K
}
Event: 49.722 GC heap before
{Heap before GC invocations=80 (full 0):
 garbage-first heap   total 240640K, used 135880K [0x0000000080000000, 0x0000000100000000)
  region size 1024K, 11 young (11264K), 1 survivors (1024K)
 Metaspace       used 135592K, committed 136576K, reserved 1179648K
  class space    used 18879K, committed 19392K, reserved 1048576K
}
Event: 49.725 GC heap after
{Heap after GC invocations=81 (full 0):
 garbage-first heap   total 240640K, used 126428K [0x0000000080000000, 0x0000000100000000)
  region size 1024K, 1 young (1024K), 1 survivors (1024K)
 Metaspace       used 135592K, committed 136576K, reserved 1179648K
  class space    used 18879K, committed 19392K, reserved 1048576K
}

