# JRE version: OpenJDK Runtime Environment (17.0.9) (build 17.0.9+0--11185874)
# Java VM: OpenJDK 64-Bit Server VM (17.0.9+0--11185874, mixed mode, tiered, compressed oops, compressed class ptrs, g1 gc, windows-amd64)
GC Precious Log:
 CPUs: 8 total, 8 available
 Memory: 16178M
 Large Page Support: Disabled
 NUMA Support: Disabled
 Compressed Oops: Enabled (32-bit)
 Heap Region Size: 1M
 Heap Min Capacity: 8M
 Heap Initial Capacity: 254M
 Heap Max Capacity: 2G
 Pre-touch: Disabled
 Parallel Workers: 8
 Concurrent Workers: 2
 Concurrent Refinement Workers: 8
 Periodic GC: Disabled
Heap:
 garbage-first heap   total 260096K, used 150297K [0x0000000080000000, 0x0000000100000000)
  region size 1024K, 4 young (4096K), 4 survivors (4096K)
 Metaspace       used 102855K, committed 103680K, reserved 1179648K
  class space    used 14015K, committed 14400K, reserved 1048576K
GC Heap History (20 events):
Event: 10.655 GC heap after
{Heap after GC invocations=42 (full 0):
 garbage-first heap   total 200704K, used 92610K [0x0000000080000000, 0x0000000100000000)
  region size 1024K, 1 young (1024K), 1 survivors (1024K)
 Metaspace       used 75059K, committed 75776K, reserved 1114112K
  class space    used 10083K, committed 10432K, reserved 1048576K
}
Event: 11.386 GC heap before
{Heap before GC invocations=42 (full 0):
 garbage-first heap   total 200704K, used 149954K [0x0000000080000000, 0x0000000100000000)
  region size 1024K, 53 young (54272K), 1 survivors (1024K)
 Metaspace       used 79910K, committed 80640K, reserved 1179648K
  class space    used 10770K, committed 11072K, reserved 1048576K
}
Event: 11.389 GC heap after
{Heap after GC invocations=43 (full 0):
 garbage-first heap   total 200704K, used 98688K [0x0000000080000000, 0x0000000100000000)
  region size 1024K, 3 young (3072K), 3 survivors (3072K)
 Metaspace       used 79910K, committed 80640K, reserved 1179648K
  class space    used 10770K, committed 11072K, reserved 1048576K
}
Event: 11.979 GC heap before
{Heap before GC invocations=44 (full 0):
 garbage-first heap   total 200704K, used 151936K [0x0000000080000000, 0x0000000100000000)
  region size 1024K, 55 young (56320K), 3 survivors (3072K)
 Metaspace       used 84604K, committed 85312K, reserved 1179648K
  class space    used 11410K, committed 11712K, reserved 1048576K
}
Event: 11.984 GC heap after
{Heap after GC invocations=45 (full 0):
 garbage-first heap   total 200704K, used 101224K [0x0000000080000000, 0x0000000100000000)
  region size 1024K, 6 young (6144K), 6 survivors (6144K)
 Metaspace       used 84604K, committed 85312K, reserved 1179648K
  class space    used 11410K, committed 11712K, reserved 1048576K
}
Event: 12.019 GC heap before
{Heap before GC invocations=45 (full 0):
 garbage-first heap   total 200704K, used 104296K [0x0000000080000000, 0x0000000100000000)
  region size 1024K, 9 young (9216K), 6 survivors (6144K)
 Metaspace       used 84949K, committed 85632K, reserved 1179648K
  class space    used 11450K, committed 11776K, reserved 1048576K
}
Event: 12.025 GC heap after
{Heap after GC invocations=46 (full 0):
 garbage-first heap   total 200704K, used 101551K [0x0000000080000000, 0x0000000100000000)
  region size 1024K, 1 young (1024K), 1 survivors (1024K)
 Metaspace       used 84949K, committed 85632K, reserved 1179648K
  class space    used 11450K, committed 11776K, reserved 1048576K
}
Event: 12.774 GC heap before
{Heap before GC invocations=46 (full 0):
 garbage-first heap   total 200704K, used 155823K [0x0000000080000000, 0x0000000100000000)
  region size 1024K, 55 young (56320K), 1 survivors (1024K)
 Metaspace       used 87984K, committed 88768K, reserved 1179648K
  class space    used 11862K, committed 12224K, reserved 1048576K
}
Event: 12.779 GC heap after
{Heap after GC invocations=47 (full 0):
 garbage-first heap   total 200704K, used 103989K [0x0000000080000000, 0x0000000100000000)
  region size 1024K, 4 young (4096K), 4 survivors (4096K)
 Metaspace       used 87984K, committed 88768K, reserved 1179648K
  class space    used 11862K, committed 12224K, reserved 1048576K
}
Event: 14.032 GC heap before
{Heap before GC invocations=47 (full 0):
 garbage-first heap   total 200704K, used 158261K [0x0000000080000000, 0x0000000100000000)
  region size 1024K, 57 young (58368K), 4 survivors (4096K)
 Metaspace       used 91715K, committed 92480K, reserved 1179648K
  class space    used 12559K, committed 12928K, reserved 1048576K
}
Event: 14.039 GC heap after
{Heap after GC invocations=48 (full 0):
 garbage-first heap   total 200704K, used 105712K [0x0000000080000000, 0x0000000100000000)
  region size 1024K, 5 young (5120K), 5 survivors (5120K)
 Metaspace       used 91715K, committed 92480K, reserved 1179648K
  class space    used 12559K, committed 12928K, reserved 1048576K
}
Event: 15.006 GC heap before
{Heap before GC invocations=48 (full 0):
 garbage-first heap   total 200704K, used 159984K [0x0000000080000000, 0x0000000100000000)
  region size 1024K, 59 young (60416K), 5 survivors (5120K)
 Metaspace       used 95612K, committed 96448K, reserved 1179648K
  class space    used 13114K, committed 13504K, reserved 1048576K
}
Event: 15.015 GC heap after
{Heap after GC invocations=49 (full 0):
 garbage-first heap   total 200704K, used 108464K [0x0000000080000000, 0x0000000100000000)
  region size 1024K, 5 young (5120K), 5 survivors (5120K)
 Metaspace       used 95612K, committed 96448K, reserved 1179648K
  class space    used 13114K, committed 13504K, reserved 1048576K
}
Event: 16.373 GC heap before
{Heap before GC invocations=49 (full 0):
 garbage-first heap   total 200704K, used 179120K [0x0000000080000000, 0x0000000100000000)
  region size 1024K, 59 young (60416K), 5 survivors (5120K)
 Metaspace       used 101425K, committed 102208K, reserved 1179648K
  class space    used 13832K, committed 14208K, reserved 1048576K
}
Event: 16.387 GC heap after
{Heap after GC invocations=50 (full 0):
 garbage-first heap   total 200704K, used 128164K [0x0000000080000000, 0x0000000100000000)
  region size 1024K, 8 young (8192K), 8 survivors (8192K)
 Metaspace       used 101425K, committed 102208K, reserved 1179648K
  class space    used 13832K, committed 14208K, reserved 1048576K
}
Event: 17.038 GC heap before
{Heap before GC invocations=50 (full 0):
 garbage-first heap   total 200704K, used 166052K [0x0000000080000000, 0x0000000100000000)
  region size 1024K, 45 young (46080K), 8 survivors (8192K)
 Metaspace       used 102748K, committed 103488K, reserved 1179648K
  class space    used 13995K, committed 14336K, reserved 1048576K
}
Event: 17.049 GC heap after
{Heap after GC invocations=51 (full 0):
 garbage-first heap   total 200704K, used 131850K [0x0000000080000000, 0x0000000100000000)
  region size 1024K, 4 young (4096K), 4 survivors (4096K)
 Metaspace       used 102748K, committed 103488K, reserved 1179648K
  class space    used 13995K, committed 14336K, reserved 1048576K
}
Event: 17.327 GC heap before
{Heap before GC invocations=51 (full 0):
 garbage-first heap   total 200704K, used 170762K [0x0000000080000000, 0x0000000100000000)
  region size 1024K, 39 young (39936K), 4 survivors (4096K)
 Metaspace       used 102843K, committed 103680K, reserved 1179648K
  class space    used 14015K, committed 14400K, reserved 1048576K
}
Event: 17.346 GC heap after
{Heap after GC invocations=52 (full 0):
 garbage-first heap   total 200704K, used 146527K [0x0000000080000000, 0x0000000100000000)
  region size 1024K, 5 young (5120K), 5 survivors (5120K)
 Metaspace       used 102843K, committed 103680K, reserved 1179648K
  class space    used 14015K, committed 14400K, reserved 1048576K
}
Event: 17.647 GC heap before
{Heap before GC invocations=52 (full 0):
 garbage-first heap   total 200704K, used 165983K [0x0000000080000000, 0x0000000100000000)
  region size 1024K, 25 young (25600K), 5 survivors (5120K)
 Metaspace       used 102855K, committed 103680K, reserved 1179648K
  class space    used 14015K, committed 14400K, reserved 1048576K
}

