# JRE version: OpenJDK Runtime Environment (17.0.9) (build 17.0.9+0--11185874)
# Java VM: OpenJDK 64-Bit Server VM (17.0.9+0--11185874, mixed mode, tiered, compressed oops, compressed class ptrs, g1 gc, windows-amd64)
GC Precious Log:
 CPUs: 8 total, 8 available
 Memory: 16178M
 Large Page Support: Disabled
 NUMA Support: Disabled
 Compressed Oops: Enabled (32-bit)
 Heap Region Size: 1M
 Heap Min Capacity: 8M
 Heap Initial Capacity: 254M
 Heap Max Capacity: 2G
 Pre-touch: Disabled
 Parallel Workers: 8
 Concurrent Workers: 2
 Concurrent Refinement Workers: 8
 Periodic GC: Disabled
Heap:
 garbage-first heap   total 421888K, used 223371K [0x0000000080000000, 0x0000000100000000)
  region size 1024K, 2 young (2048K), 2 survivors (2048K)
 Metaspace       used 120770K, committed 121600K, reserved 1179648K
  class space    used 16743K, committed 17152K, reserved 1048576K
GC Heap History (20 events):
Event: 20.606 GC heap after
{Heap after GC invocations=49 (full 0):
 garbage-first heap   total 331776K, used 112489K [0x0000000080000000, 0x0000000100000000)
  region size 1024K, 21 young (21504K), 21 survivors (21504K)
 Metaspace       used 105919K, committed 106816K, reserved 1179648K
  class space    used 14544K, committed 14976K, reserved 1048576K
}
Event: 20.628 GC heap before
{Heap before GC invocations=49 (full 0):
 garbage-first heap   total 331776K, used 113513K [0x0000000080000000, 0x0000000100000000)
  region size 1024K, 22 young (22528K), 21 survivors (21504K)
 Metaspace       used 105951K, committed 106880K, reserved 1179648K
  class space    used 14546K, committed 14976K, reserved 1048576K
}
Event: 20.652 GC heap after
{Heap after GC invocations=50 (full 0):
 garbage-first heap   total 331776K, used 114917K [0x0000000080000000, 0x0000000100000000)
  region size 1024K, 3 young (3072K), 3 survivors (3072K)
 Metaspace       used 105951K, committed 106880K, reserved 1179648K
  class space    used 14546K, committed 14976K, reserved 1048576K
}
Event: 22.770 GC heap before
{Heap before GC invocations=50 (full 0):
 garbage-first heap   total 331776K, used 302309K [0x0000000080000000, 0x0000000100000000)
  region size 1024K, 146 young (149504K), 3 survivors (3072K)
 Metaspace       used 113054K, committed 113920K, reserved 1179648K
  class space    used 15758K, committed 16128K, reserved 1048576K
}
Event: 22.801 GC heap after
{Heap after GC invocations=51 (full 0):
 garbage-first heap   total 332800K, used 165888K [0x0000000080000000, 0x0000000100000000)
  region size 1024K, 19 young (19456K), 19 survivors (19456K)
 Metaspace       used 113054K, committed 113920K, reserved 1179648K
  class space    used 15758K, committed 16128K, reserved 1048576K
}
Event: 23.576 GC heap before
{Heap before GC invocations=51 (full 0):
 garbage-first heap   total 332800K, used 261120K [0x0000000080000000, 0x0000000100000000)
  region size 1024K, 112 young (114688K), 19 survivors (19456K)
 Metaspace       used 113437K, committed 114368K, reserved 1179648K
  class space    used 15772K, committed 16192K, reserved 1048576K
}
Event: 23.653 GC heap after
{Heap after GC invocations=52 (full 0):
 garbage-first heap   total 332800K, used 212181K [0x0000000080000000, 0x0000000100000000)
  region size 1024K, 14 young (14336K), 14 survivors (14336K)
 Metaspace       used 113437K, committed 114368K, reserved 1179648K
  class space    used 15772K, committed 16192K, reserved 1048576K
}
Event: 24.527 GC heap before
{Heap before GC invocations=52 (full 0):
 garbage-first heap   total 332800K, used 259285K [0x0000000080000000, 0x0000000100000000)
  region size 1024K, 61 young (62464K), 14 survivors (14336K)
 Metaspace       used 117334K, committed 118208K, reserved 1179648K
  class space    used 16294K, committed 16704K, reserved 1048576K
}
Event: 24.560 GC heap after
{Heap after GC invocations=53 (full 0):
 garbage-first heap   total 332800K, used 218624K [0x0000000080000000, 0x0000000100000000)
  region size 1024K, 5 young (5120K), 5 survivors (5120K)
 Metaspace       used 117334K, committed 118208K, reserved 1179648K
  class space    used 16294K, committed 16704K, reserved 1048576K
}
Event: 25.914 GC heap before
{Heap before GC invocations=54 (full 0):
 garbage-first heap   total 365568K, used 254464K [0x0000000080000000, 0x0000000100000000)
  region size 1024K, 52 young (53248K), 5 survivors (5120K)
 Metaspace       used 118516K, committed 119424K, reserved 1179648K
  class space    used 16478K, committed 16896K, reserved 1048576K
}
Event: 25.929 GC heap after
{Heap after GC invocations=55 (full 0):
 garbage-first heap   total 365568K, used 214523K [0x0000000080000000, 0x0000000100000000)
  region size 1024K, 7 young (7168K), 7 survivors (7168K)
 Metaspace       used 118516K, committed 119424K, reserved 1179648K
  class space    used 16478K, committed 16896K, reserved 1048576K
}
Event: 26.055 GC heap before
{Heap before GC invocations=55 (full 0):
 garbage-first heap   total 365568K, used 223739K [0x0000000080000000, 0x0000000100000000)
  region size 1024K, 17 young (17408K), 7 survivors (7168K)
 Metaspace       used 118595K, committed 119488K, reserved 1179648K
  class space    used 16487K, committed 16896K, reserved 1048576K
}
Event: 26.068 GC heap after
{Heap after GC invocations=56 (full 0):
 garbage-first heap   total 365568K, used 214012K [0x0000000080000000, 0x0000000100000000)
  region size 1024K, 2 young (2048K), 2 survivors (2048K)
 Metaspace       used 118595K, committed 119488K, reserved 1179648K
  class space    used 16487K, committed 16896K, reserved 1048576K
}
Event: 27.250 GC heap before
{Heap before GC invocations=56 (full 0):
 garbage-first heap   total 365568K, used 281596K [0x0000000080000000, 0x0000000100000000)
  region size 1024K, 69 young (70656K), 2 survivors (2048K)
 Metaspace       used 119696K, committed 120512K, reserved 1179648K
  class space    used 16644K, committed 17024K, reserved 1048576K
}
Event: 27.262 GC heap after
{Heap after GC invocations=57 (full 0):
 garbage-first heap   total 365568K, used 217650K [0x0000000080000000, 0x0000000100000000)
  region size 1024K, 6 young (6144K), 6 survivors (6144K)
 Metaspace       used 119696K, committed 120512K, reserved 1179648K
  class space    used 16644K, committed 17024K, reserved 1048576K
}
Event: 27.338 GC heap before
{Heap before GC invocations=57 (full 0):
 garbage-first heap   total 365568K, used 224818K [0x0000000080000000, 0x0000000100000000)
  region size 1024K, 15 young (15360K), 6 survivors (6144K)
 Metaspace       used 119962K, committed 120832K, reserved 1179648K
  class space    used 16672K, committed 17088K, reserved 1048576K
}
Event: 27.349 GC heap after
{Heap after GC invocations=58 (full 0):
 garbage-first heap   total 365568K, used 218444K [0x0000000080000000, 0x0000000100000000)
  region size 1024K, 5 young (5120K), 5 survivors (5120K)
 Metaspace       used 119962K, committed 120832K, reserved 1179648K
  class space    used 16672K, committed 17088K, reserved 1048576K
}
Event: 28.009 GC heap before
{Heap before GC invocations=59 (full 0):
 garbage-first heap   total 421888K, used 295244K [0x0000000080000000, 0x0000000100000000)
  region size 1024K, 75 young (76800K), 5 survivors (5120K)
 Metaspace       used 120687K, committed 121536K, reserved 1179648K
  class space    used 16729K, committed 17152K, reserved 1048576K
}
Event: 28.028 GC heap after
{Heap after GC invocations=60 (full 0):
 garbage-first heap   total 421888K, used 226673K [0x0000000080000000, 0x0000000100000000)
  region size 1024K, 7 young (7168K), 7 survivors (7168K)
 Metaspace       used 120687K, committed 121536K, reserved 1179648K
  class space    used 16729K, committed 17152K, reserved 1048576K
}
Event: 28.099 GC heap before
{Heap before GC invocations=60 (full 0):
 garbage-first heap   total 421888K, used 238961K [0x0000000080000000, 0x0000000100000000)
  region size 1024K, 20 young (20480K), 7 survivors (7168K)
 Metaspace       used 120770K, committed 121600K, reserved 1179648K
  class space    used 16743K, committed 17152K, reserved 1048576K
}

