# JRE version: OpenJDK Runtime Environment (17.0.9) (build 17.0.9+0--11185874)
# Java VM: OpenJDK 64-Bit Server VM (17.0.9+0--11185874, mixed mode, tiered, compressed oops, compressed class ptrs, g1 gc, windows-amd64)
GC Precious Log:
 CPUs: 8 total, 8 available
 Memory: 16178M
 Large Page Support: Disabled
 NUMA Support: Disabled
 Compressed Oops: Enabled (32-bit)
 Heap Region Size: 1M
 Heap Min Capacity: 8M
 Heap Initial Capacity: 254M
 Heap Max Capacity: 2G
 Pre-touch: Disabled
 Parallel Workers: 8
 Concurrent Workers: 2
 Concurrent Refinement Workers: 8
 Periodic GC: Disabled
Heap:
 garbage-first heap   total 328704K, used 270142K [0x0000000080000000, 0x0000000100000000)
  region size 1024K, 3 young (3072K), 3 survivors (3072K)
 Metaspace       used 122792K, committed 123712K, reserved 1179648K
  class space    used 17021K, committed 17472K, reserved 1048576K
GC Heap History (20 events):
Event: 39.204 GC heap after
{Heap after GC invocations=34 (full 0):
 garbage-first heap   total 328704K, used 113097K [0x0000000080000000, 0x0000000100000000)
  region size 1024K, 2 young (2048K), 2 survivors (2048K)
 Metaspace       used 107414K, committed 108224K, reserved 1179648K
  class space    used 14698K, committed 15104K, reserved 1048576K
}
Event: 43.086 GC heap before
{Heap before GC invocations=34 (full 0):
 garbage-first heap   total 328704K, used 293321K [0x0000000080000000, 0x0000000100000000)
  region size 1024K, 140 young (143360K), 2 survivors (2048K)
 Metaspace       used 114181K, committed 115072K, reserved 1179648K
  class space    used 15647K, committed 16064K, reserved 1048576K
}
Event: 43.124 GC heap after
{Heap after GC invocations=35 (full 0):
 garbage-first heap   total 328704K, used 154426K [0x0000000080000000, 0x0000000100000000)
  region size 1024K, 18 young (18432K), 18 survivors (18432K)
 Metaspace       used 114181K, committed 115072K, reserved 1179648K
  class space    used 15647K, committed 16064K, reserved 1048576K
}
Event: 44.557 GC heap before
{Heap before GC invocations=35 (full 0):
 garbage-first heap   total 328704K, used 259898K [0x0000000080000000, 0x0000000100000000)
  region size 1024K, 120 young (122880K), 18 survivors (18432K)
 Metaspace       used 117015K, committed 117888K, reserved 1179648K
  class space    used 16236K, committed 16640K, reserved 1048576K
}
Event: 44.634 GC heap after
{Heap after GC invocations=36 (full 0):
 garbage-first heap   total 328704K, used 197019K [0x0000000080000000, 0x0000000100000000)
  region size 1024K, 15 young (15360K), 15 survivors (15360K)
 Metaspace       used 117015K, committed 117888K, reserved 1179648K
  class space    used 16236K, committed 16640K, reserved 1048576K
}
Event: 45.355 GC heap before
{Heap before GC invocations=36 (full 0):
 garbage-first heap   total 328704K, used 252315K [0x0000000080000000, 0x0000000100000000)
  region size 1024K, 70 young (71680K), 15 survivors (15360K)
 Metaspace       used 119133K, committed 120000K, reserved 1179648K
  class space    used 16532K, committed 16960K, reserved 1048576K
}
Event: 45.416 GC heap after
{Heap after GC invocations=37 (full 0):
 garbage-first heap   total 328704K, used 217600K [0x0000000080000000, 0x0000000100000000)
  region size 1024K, 9 young (9216K), 9 survivors (9216K)
 Metaspace       used 119133K, committed 120000K, reserved 1179648K
  class space    used 16532K, committed 16960K, reserved 1048576K
}
Event: 46.392 GC heap before
{Heap before GC invocations=37 (full 0):
 garbage-first heap   total 328704K, used 258560K [0x0000000080000000, 0x0000000100000000)
  region size 1024K, 50 young (51200K), 9 survivors (9216K)
 Metaspace       used 121276K, committed 122176K, reserved 1179648K
  class space    used 16840K, committed 17280K, reserved 1048576K
}
Event: 46.421 GC heap after
{Heap after GC invocations=38 (full 0):
 garbage-first heap   total 328704K, used 224256K [0x0000000080000000, 0x0000000100000000)
  region size 1024K, 4 young (4096K), 4 survivors (4096K)
 Metaspace       used 121276K, committed 122176K, reserved 1179648K
  class space    used 16840K, committed 17280K, reserved 1048576K
}
Event: 46.966 GC heap before
{Heap before GC invocations=38 (full 0):
 garbage-first heap   total 328704K, used 265216K [0x0000000080000000, 0x0000000100000000)
  region size 1024K, 45 young (46080K), 4 survivors (4096K)
 Metaspace       used 122110K, committed 122944K, reserved 1179648K
  class space    used 16950K, committed 17344K, reserved 1048576K
}
Event: 46.976 GC heap after
{Heap after GC invocations=39 (full 0):
 garbage-first heap   total 328704K, used 228844K [0x0000000080000000, 0x0000000100000000)
  region size 1024K, 5 young (5120K), 5 survivors (5120K)
 Metaspace       used 122110K, committed 122944K, reserved 1179648K
  class space    used 16950K, committed 17344K, reserved 1048576K
}
Event: 47.714 GC heap before
{Heap before GC invocations=39 (full 0):
 garbage-first heap   total 328704K, used 275948K [0x0000000080000000, 0x0000000100000000)
  region size 1024K, 45 young (46080K), 5 survivors (5120K)
 Metaspace       used 122191K, committed 123136K, reserved 1179648K
  class space    used 16957K, committed 17408K, reserved 1048576K
}
Event: 47.732 GC heap after
{Heap after GC invocations=40 (full 0):
 garbage-first heap   total 328704K, used 238450K [0x0000000080000000, 0x0000000100000000)
  region size 1024K, 4 young (4096K), 4 survivors (4096K)
 Metaspace       used 122191K, committed 123136K, reserved 1179648K
  class space    used 16957K, committed 17408K, reserved 1048576K
}
Event: 48.653 GC heap before
{Heap before GC invocations=40 (full 0):
 garbage-first heap   total 328704K, used 282482K [0x0000000080000000, 0x0000000100000000)
  region size 1024K, 40 young (40960K), 4 survivors (4096K)
 Metaspace       used 122632K, committed 123520K, reserved 1179648K
  class space    used 17003K, committed 17408K, reserved 1048576K
}
Event: 48.665 GC heap after
{Heap after GC invocations=41 (full 0):
 garbage-first heap   total 328704K, used 248464K [0x0000000080000000, 0x0000000100000000)
  region size 1024K, 4 young (4096K), 4 survivors (4096K)
 Metaspace       used 122632K, committed 123520K, reserved 1179648K
  class space    used 17003K, committed 17408K, reserved 1048576K
}
Event: 49.116 GC heap before
{Heap before GC invocations=41 (full 0):
 garbage-first heap   total 328704K, used 285328K [0x0000000080000000, 0x0000000100000000)
  region size 1024K, 34 young (34816K), 4 survivors (4096K)
 Metaspace       used 122698K, committed 123584K, reserved 1179648K
  class space    used 17011K, committed 17408K, reserved 1048576K
}
Event: 49.122 GC heap after
{Heap after GC invocations=42 (full 0):
 garbage-first heap   total 328704K, used 257920K [0x0000000080000000, 0x0000000100000000)
  region size 1024K, 4 young (4096K), 4 survivors (4096K)
 Metaspace       used 122698K, committed 123584K, reserved 1179648K
  class space    used 17011K, committed 17408K, reserved 1048576K
}
Event: 49.243 GC heap before
{Heap before GC invocations=42 (full 0):
 garbage-first heap   total 328704K, used 282496K [0x0000000080000000, 0x0000000100000000)
  region size 1024K, 28 young (28672K), 4 survivors (4096K)
 Metaspace       used 122788K, committed 123712K, reserved 1179648K
  class space    used 17021K, committed 17472K, reserved 1048576K
}
Event: 49.257 GC heap after
{Heap after GC invocations=43 (full 0):
 garbage-first heap   total 328704K, used 266628K [0x0000000080000000, 0x0000000100000000)
  region size 1024K, 4 young (4096K), 4 survivors (4096K)
 Metaspace       used 122788K, committed 123712K, reserved 1179648K
  class space    used 17021K, committed 17472K, reserved 1048576K
}
Event: 49.387 GC heap before
{Heap before GC invocations=43 (full 0):
 garbage-first heap   total 328704K, used 283012K [0x0000000080000000, 0x0000000100000000)
  region size 1024K, 20 young (20480K), 4 survivors (4096K)
 Metaspace       used 122792K, committed 123712K, reserved 1179648K
  class space    used 17021K, committed 17472K, reserved 1048576K
}

